This file contains any messages produced by compilers while
running configure, to aid debugging if configure makes a mistake.

It was created by Gregorio (TeX Live) configure 4.1.4, which was
generated by GNU Autoconf 2.69.  Invocation command line was

  $ ./configure --disable-option-checking --prefix=/usr/local --enable-build-in-source-tree --enable-native-texlive-build --enable-largefile --disable-silent-rules --enable-multiplatform=yes --enable-cxx-runtime-hack=yes --enable-libtool-hack=yes --disable-shared --enable-texlive-build --bindir=${exec_prefix}/bin/x86_64-pc-linux-gnu --libdir=${exec_prefix}/lib/x86_64-pc-linux-gnu --with-x --enable-autosp=yes --enable-devnag=yes --enable-lacheck=yes --enable-m-tx=yes --enable-pmx=yes --enable-ps2eps=yes --enable-t1utils=yes --enable-texdoctk=yes --enable-tpic2pdftex=yes --enable-vlna=yes --enable-xindy=no --with-clisp-runtime=default --enable-xpdfopen=yes --enable-web2c=yes --enable-afm2pl=yes --enable-bibtex-x=yes --enable-chktex=yes --enable-cjkutils=yes --enable-detex=yes --enable-dtl=yes --enable-dvi2tty=yes --enable-dvidvi=yes --enable-dviljk=yes --enable-dvipdfm-x=yes --enable-dvipng=yes --enable-dvipos=yes --enable-dvipsk=yes --enable-dvisvgm=yes --enable-gregorio=yes --enable-gsftopk=yes --enable-lcdf-typetools=yes --enable-makeindexk=yes --enable-makejvf=yes --enable-mendexk=yes --enable-musixtnt=yes --enable-ps2pk=yes --enable-psutils=yes --enable-seetexk=yes --enable-tex4htk=yes --enable-ttf2pk2=yes --enable-ttfdump=yes --enable-upmendex=yes --enable-xdvik=yes --enable-texlive=yes --with-system-harfbuzz=no --with-system-icu=no --with-system-teckit=no --with-system-graphite2=no --with-system-zziplib=no --with-system-xpdf=no --with-system-poppler=no --with-system-mpfr=no --with-system-gmp=no --with-system-cairo=no --with-system-pixman=no --with-system-potrace=no --with-system-gd=no --with-system-freetype2=no --with-system-libpng=no --with-system-libpaper=no --with-system-zlib=no --with-system-ptexenc=no --with-system-kpathsea=no --datarootdir=${prefix} --mandir=${prefix}/texmf-dist/doc/man --infodir=${prefix}/texmf-dist/doc/info --cache-file=/dev/null --srcdir=.

## --------- ##
## Platform. ##
## --------- ##

hostname = maqiyuan-E430c
uname -m = x86_64
uname -r = 4.4.0-34-generic
uname -s = Linux
uname -v = #53-Ubuntu SMP Wed Jul 27 16:06:39 UTC 2016

/usr/bin/uname -p = unknown
/bin/uname -X     = unknown

/bin/arch              = unknown
/usr/bin/arch -k       = unknown
/usr/convex/getsysinfo = unknown
/usr/bin/hostinfo      = unknown
/bin/machine           = unknown
/usr/bin/oslevel       = unknown
/bin/universe          = unknown

PATH: /usr/local/sbin
PATH: /usr/local/bin
PATH: /usr/sbin
PATH: /usr/bin
PATH: /sbin
PATH: /bin
PATH: /usr/games
PATH: /usr/local/games
PATH: /snap/bin
PATH: /home/maqiyuan/bin/FDK/Tools/linux


## ----------- ##
## Core tests. ##
## ----------- ##

configure:2769: checking for a BSD-compatible install
configure:2837: result: /usr/bin/install -c
configure:2848: checking whether build environment is sane
configure:2903: result: yes
configure:3054: checking for a thread-safe mkdir -p
configure:3093: result: /bin/mkdir -p
configure:3100: checking for gawk
configure:3116: found /usr/bin/gawk
configure:3127: result: gawk
configure:3138: checking whether make sets $(MAKE)
configure:3160: result: yes
configure:3189: checking whether make supports nested variables
configure:3206: result: yes
configure:3229: checking for style of include used by make
configure:3257: result: GNU
configure:3328: checking for gcc
configure:3344: found /usr/bin/gcc
configure:3355: result: gcc
configure:3584: checking for C compiler version
configure:3593: gcc --version >&5
gcc (Ubuntu 5.4.0-6ubuntu1~16.04.1) 5.4.0 20160609
Copyright (C) 2015 Free Software Foundation, Inc.
This is free software; see the source for copying conditions.  There is NO
warranty; not even for MERCHANTABILITY or FITNESS FOR A PARTICULAR PURPOSE.

configure:3604: $? = 0
configure:3593: gcc -v >&5
Using built-in specs.
COLLECT_GCC=gcc
COLLECT_LTO_WRAPPER=/usr/lib/gcc/x86_64-linux-gnu/5/lto-wrapper
Target: x86_64-linux-gnu
Configured with: ../src/configure -v --with-pkgversion='Ubuntu 5.4.0-6ubuntu1~16.04.1' --with-bugurl=file:///usr/share/doc/gcc-5/README.Bugs --enable-languages=c,ada,c++,java,go,d,fortran,objc,obj-c++ --prefix=/usr --program-suffix=-5 --enable-shared --enable-linker-build-id --libexecdir=/usr/lib --without-included-gettext --enable-threads=posix --libdir=/usr/lib --enable-nls --with-sysroot=/ --enable-clocale=gnu --enable-libstdcxx-debug --enable-libstdcxx-time=yes --with-default-libstdcxx-abi=new --enable-gnu-unique-object --disable-vtable-verify --enable-libmpx --enable-plugin --with-system-zlib --disable-browser-plugin --enable-java-awt=gtk --enable-gtk-cairo --with-java-home=/usr/lib/jvm/java-1.5.0-gcj-5-amd64/jre --enable-java-home --with-jvm-root-dir=/usr/lib/jvm/java-1.5.0-gcj-5-amd64 --with-jvm-jar-dir=/usr/lib/jvm-exports/java-1.5.0-gcj-5-amd64 --with-arch-directory=amd64 --with-ecj-jar=/usr/share/java/eclipse-ecj.jar --enable-objc-gc --enable-multiarch --disable-werror --with-arch-32=i686 --with-abi=m64 --with-multilib-list=m32,m64,mx32 --enable-multilib --with-tune=generic --enable-checking=release --build=x86_64-linux-gnu --host=x86_64-linux-gnu --target=x86_64-linux-gnu
Thread model: posix
gcc version 5.4.0 20160609 (Ubuntu 5.4.0-6ubuntu1~16.04.1) 
configure:3604: $? = 0
configure:3593: gcc -V >&5
gcc: error: unrecognized command line option '-V'
gcc: fatal error: no input files
compilation terminated.
configure:3604: $? = 1
configure:3593: gcc -qversion >&5
gcc: error: unrecognized command line option '-qversion'
gcc: fatal error: no input files
compilation terminated.
configure:3604: $? = 1
configure:3624: checking whether the C compiler works
configure:3646: gcc    conftest.c  >&5
configure:3650: $? = 0
configure:3698: result: yes
configure:3701: checking for C compiler default output file name
configure:3703: result: a.out
configure:3709: checking for suffix of executables
configure:3716: gcc -o conftest    conftest.c  >&5
configure:3720: $? = 0
configure:3742: result: 
configure:3764: checking whether we are cross compiling
configure:3772: gcc -o conftest    conftest.c  >&5
configure:3776: $? = 0
configure:3783: ./conftest
configure:3787: $? = 0
configure:3802: result: no
configure:3807: checking for suffix of object files
configure:3829: gcc -c   conftest.c >&5
configure:3833: $? = 0
configure:3854: result: o
configure:3858: checking whether we are using the GNU C compiler
configure:3877: gcc -c   conftest.c >&5
configure:3877: $? = 0
configure:3886: result: yes
configure:3895: checking whether gcc accepts -g
configure:3915: gcc -c -g  conftest.c >&5
configure:3915: $? = 0
configure:3956: result: yes
configure:3973: checking for gcc option to accept ISO C89
configure:4036: gcc  -c -g -O2  conftest.c >&5
configure:4036: $? = 0
configure:4049: result: none needed
configure:4074: checking whether gcc understands -c and -o together
configure:4096: gcc -c conftest.c -o conftest2.o
configure:4099: $? = 0
configure:4096: gcc -c conftest.c -o conftest2.o
configure:4099: $? = 0
configure:4111: result: yes
configure:4130: checking dependency style of gcc
configure:4241: result: gcc3
configure:4301: checking build system type
configure:4315: result: x86_64-pc-linux-gnu
configure:4335: checking host system type
configure:4348: result: x86_64-pc-linux-gnu
configure:4389: checking how to print strings
configure:4416: result: printf
configure:4437: checking for a sed that does not truncate output
configure:4501: result: /bin/sed
configure:4519: checking for grep that handles long lines and -e
configure:4577: result: /bin/grep
configure:4582: checking for egrep
configure:4644: result: /bin/grep -E
configure:4649: checking for fgrep
configure:4711: result: /bin/grep -F
configure:4746: checking for ld used by gcc
configure:4813: result: /usr/bin/ld
configure:4820: checking if the linker (/usr/bin/ld) is GNU ld
configure:4835: result: yes
configure:4847: checking for BSD- or MS-compatible name lister (nm)
configure:4901: result: /usr/bin/nm -B
configure:5031: checking the name lister (/usr/bin/nm -B) interface
configure:5038: gcc -c -g -O2  conftest.c >&5
configure:5041: /usr/bin/nm -B "conftest.o"
configure:5044: output
0000000000000000 B some_variable
configure:5051: result: BSD nm
configure:5054: checking whether ln -s works
configure:5058: result: yes
configure:5066: checking the maximum length of command line arguments
configure:5197: result: 1572864
configure:5245: checking how to convert x86_64-pc-linux-gnu file names to x86_64-pc-linux-gnu format
configure:5285: result: func_convert_file_noop
configure:5292: checking how to convert x86_64-pc-linux-gnu file names to toolchain format
configure:5312: result: func_convert_file_noop
configure:5319: checking for /usr/bin/ld option to reload object files
configure:5326: result: -r
configure:5400: checking for objdump
configure:5416: found /usr/bin/objdump
configure:5427: result: objdump
configure:5456: checking how to recognize dependent libraries
configure:5656: result: pass_all
configure:5741: checking for dlltool
configure:5771: result: no
configure:5798: checking how to associate runtime and link libraries
configure:5825: result: printf %s\n
configure:5885: checking for ar
configure:5901: found /usr/bin/ar
configure:5912: result: ar
configure:5949: checking for archiver @FILE support
configure:5966: gcc -c -g -O2  conftest.c >&5
configure:5966: $? = 0
configure:5969: ar cru libconftest.a @conftest.lst >&5
ar: `u' modifier ignored since `D' is the default (see `U')
configure:5972: $? = 0
configure:5977: ar cru libconftest.a @conftest.lst >&5
ar: `u' modifier ignored since `D' is the default (see `U')
ar: conftest.o: No such file or directory
configure:5980: $? = 1
configure:5992: result: @
configure:6050: checking for strip
configure:6066: found /usr/bin/strip
configure:6077: result: strip
configure:6149: checking for ranlib
configure:6165: found /usr/bin/ranlib
configure:6176: result: ranlib
configure:6278: checking command to parse /usr/bin/nm -B output from gcc object
configure:6431: gcc -c -g -O2  conftest.c >&5
configure:6434: $? = 0
configure:6438: /usr/bin/nm -B conftest.o \| sed -n -e 's/^.*[ ]\([ABCDGIRSTW][ABCDGIRSTW]*\)[ ][ ]*\([_A-Za-z][_A-Za-z0-9]*\)$/\1 \2 \2/p' | sed '/ __gnu_lto/d' \> conftest.nm
configure:6441: $? = 0
configure:6507: gcc -o conftest -g -O2   conftest.c conftstm.o >&5
configure:6510: $? = 0
configure:6548: result: ok
configure:6595: checking for sysroot
configure:6625: result: no
configure:6632: checking for a working dd
configure:6670: result: /bin/dd
configure:6674: checking how to truncate binary pipes
configure:6689: result: /bin/dd bs=4096 count=1
configure:6825: gcc -c -g -O2  conftest.c >&5
configure:6828: $? = 0
configure:7018: checking for mt
configure:7034: found /bin/mt
configure:7045: result: mt
configure:7068: checking if mt is a manifest tool
configure:7074: mt '-?'
configure:7082: result: no
configure:7759: checking how to run the C preprocessor
configure:7790: gcc -E  conftest.c
configure:7790: $? = 0
configure:7804: gcc -E  conftest.c
conftest.c:10:28: fatal error: ac_nonexistent.h: No such file or directory
compilation terminated.
configure:7804: $? = 1
configure: failed program was:
| /* confdefs.h */
| #define PACKAGE_NAME "Gregorio (TeX Live)"
| #define PACKAGE_TARNAME "gregorio--tex-live-"
| #define PACKAGE_VERSION "4.1.4"
| #define PACKAGE_STRING "Gregorio (TeX Live) 4.1.4"
| #define PACKAGE_BUGREPORT "tex-k@tug.org"
| #define PACKAGE_URL "http://gregorio-project.github.io/"
| #define FILENAME_VERSION "4_1_4"
| /* end confdefs.h.  */
| #include <ac_nonexistent.h>
configure:7829: result: gcc -E
configure:7849: gcc -E  conftest.c
configure:7849: $? = 0
configure:7863: gcc -E  conftest.c
conftest.c:10:28: fatal error: ac_nonexistent.h: No such file or directory
compilation terminated.
configure:7863: $? = 1
configure: failed program was:
| /* confdefs.h */
| #define PACKAGE_NAME "Gregorio (TeX Live)"
| #define PACKAGE_TARNAME "gregorio--tex-live-"
| #define PACKAGE_VERSION "4.1.4"
| #define PACKAGE_STRING "Gregorio (TeX Live) 4.1.4"
| #define PACKAGE_BUGREPORT "tex-k@tug.org"
| #define PACKAGE_URL "http://gregorio-project.github.io/"
| #define FILENAME_VERSION "4_1_4"
| /* end confdefs.h.  */
| #include <ac_nonexistent.h>
configure:7892: checking for ANSI C header files
configure:7912: gcc -c -g -O2  conftest.c >&5
configure:7912: $? = 0
configure:7985: gcc -o conftest -g -O2   conftest.c  >&5
configure:7985: $? = 0
configure:7985: ./conftest
configure:7985: $? = 0
configure:7996: result: yes
configure:8009: checking for sys/types.h
configure:8009: gcc -c -g -O2  conftest.c >&5
configure:8009: $? = 0
configure:8009: result: yes
configure:8009: checking for sys/stat.h
configure:8009: gcc -c -g -O2  conftest.c >&5
configure:8009: $? = 0
configure:8009: result: yes
configure:8009: checking for stdlib.h
configure:8009: gcc -c -g -O2  conftest.c >&5
configure:8009: $? = 0
configure:8009: result: yes
configure:8009: checking for string.h
configure:8009: gcc -c -g -O2  conftest.c >&5
configure:8009: $? = 0
configure:8009: result: yes
configure:8009: checking for memory.h
configure:8009: gcc -c -g -O2  conftest.c >&5
configure:8009: $? = 0
configure:8009: result: yes
configure:8009: checking for strings.h
configure:8009: gcc -c -g -O2  conftest.c >&5
configure:8009: $? = 0
configure:8009: result: yes
configure:8009: checking for inttypes.h
configure:8009: gcc -c -g -O2  conftest.c >&5
configure:8009: $? = 0
configure:8009: result: yes
configure:8009: checking for stdint.h
configure:8009: gcc -c -g -O2  conftest.c >&5
configure:8009: $? = 0
configure:8009: result: yes
configure:8009: checking for unistd.h
configure:8009: gcc -c -g -O2  conftest.c >&5
configure:8009: $? = 0
configure:8009: result: yes
configure:8023: checking for dlfcn.h
configure:8023: gcc -c -g -O2  conftest.c >&5
configure:8023: $? = 0
configure:8023: result: yes
configure:8151: checking whether to enable maintainer-specific portions of Makefiles
configure:8160: result: no
configure:8173: checking whether the compiler accepts prototypes
configure:8189: gcc -o conftest -g -O2   conftest.c  >&5
configure:8189: $? = 0
configure:8197: result: yes
configure:8202: checking what warning flags to pass to the C compiler
configure:8247: result: -Wimplicit -Wreturn-type -Wdeclaration-after-statement -Wno-unknown-pragmas
configure:8801: checking for objdir
configure:8816: result: .libs
configure:9080: checking if gcc supports -fno-rtti -fno-exceptions
configure:9098: gcc -c -g -O2  -fno-rtti -fno-exceptions conftest.c >&5
cc1: warning: command line option '-fno-rtti' is valid for C++/ObjC++ but not for C
configure:9102: $? = 0
configure:9115: result: no
configure:9473: checking for gcc option to produce PIC
configure:9480: result: -fPIC -DPIC
configure:9488: checking if gcc PIC flag -fPIC -DPIC works
configure:9506: gcc -c -g -O2  -fPIC -DPIC -DPIC conftest.c >&5
configure:9510: $? = 0
configure:9523: result: yes
configure:9552: checking if gcc static flag -static works
configure:9580: result: yes
configure:9595: checking if gcc supports -c -o file.o
configure:9616: gcc -c -g -O2  -o out/conftest2.o conftest.c >&5
configure:9620: $? = 0
configure:9642: result: yes
configure:9650: checking if gcc supports -c -o file.o
configure:9697: result: yes
configure:9730: checking whether the gcc linker (/usr/bin/ld -m elf_x86_64) supports shared libraries
configure:10989: result: yes
configure:11229: checking dynamic linker characteristics
configure:11810: gcc -o conftest -g -O2   -Wl,-rpath -Wl,/foo conftest.c  >&5
configure:11810: $? = 0
configure:12047: result: GNU/Linux ld.so
configure:12169: checking how to hardcode library paths into programs
configure:12194: result: immediate
configure:12742: checking whether stripping libraries is possible
configure:12747: result: yes
configure:12782: checking if libtool supports shared libraries
configure:12784: result: yes
configure:12787: checking whether to build shared libraries
configure:12812: result: no
configure:12815: checking whether to build static libraries
configure:12819: result: yes
configure:12863: checking for special C compiler options needed for large files
configure:12908: result: no
configure:12914: checking for _FILE_OFFSET_BITS value needed for large files
configure:12939: gcc -c -g -O2  conftest.c >&5
configure:12939: $? = 0
configure:12971: result: no
configure:13056: checking for _LARGEFILE_SOURCE value needed for large files
configure:13075: gcc -o conftest -g -O2   conftest.c  >&5
configure:13075: $? = 0
configure:13103: result: no
configure:13127: checking for dirent.h that defines DIR
configure:13146: gcc -c -g -O2  conftest.c >&5
configure:13146: $? = 0
configure:13154: result: yes
configure:13167: checking for library containing opendir
configure:13198: gcc -o conftest -g -O2   conftest.c  >&5
configure:13198: $? = 0
configure:13215: result: none required
configure:13282: checking for ANSI C header files
configure:13386: result: yes
configure:13394: checking whether closedir returns void
configure:13418: gcc -o conftest -g -O2   conftest.c  >&5
configure:13418: $? = 0
configure:13418: ./conftest
configure:13418: $? = 0
configure:13428: result: no
configure:13439: checking assert.h usability
configure:13439: gcc -c -g -O2  conftest.c >&5
configure:13439: $? = 0
configure:13439: result: yes
configure:13439: checking assert.h presence
configure:13439: gcc -E  conftest.c
configure:13439: $? = 0
configure:13439: result: yes
configure:13439: checking for assert.h
configure:13439: result: yes
configure:13439: checking float.h usability
configure:13439: gcc -c -g -O2  conftest.c >&5
configure:13439: $? = 0
configure:13439: result: yes
configure:13439: checking float.h presence
configure:13439: gcc -E  conftest.c
configure:13439: $? = 0
configure:13439: result: yes
configure:13439: checking for float.h
configure:13439: result: yes
configure:13439: checking limits.h usability
configure:13439: gcc -c -g -O2  conftest.c >&5
configure:13439: $? = 0
configure:13439: result: yes
configure:13439: checking limits.h presence
configure:13439: gcc -E  conftest.c
configure:13439: $? = 0
configure:13439: result: yes
configure:13439: checking for limits.h
configure:13439: result: yes
configure:13439: checking pwd.h usability
configure:13439: gcc -c -g -O2  conftest.c >&5
configure:13439: $? = 0
configure:13439: result: yes
configure:13439: checking pwd.h presence
configure:13439: gcc -E  conftest.c
configure:13439: $? = 0
configure:13439: result: yes
configure:13439: checking for pwd.h
configure:13439: result: yes
configure:13439: checking for stdlib.h
configure:13439: result: yes
configure:13439: checking sys/param.h usability
configure:13439: gcc -c -g -O2  conftest.c >&5
configure:13439: $? = 0
configure:13439: result: yes
configure:13439: checking sys/param.h presence
configure:13439: gcc -E  conftest.c
configure:13439: $? = 0
configure:13439: result: yes
configure:13439: checking for sys/param.h
configure:13439: result: yes
configure:13451: checking for putenv
configure:13451: gcc -o conftest -g -O2   conftest.c  >&5
configure:13451: $? = 0
configure:13451: result: yes
configure:13463: checking for getcwd
configure:13463: gcc -o conftest -g -O2   conftest.c  >&5
configure:13463: $? = 0
configure:13463: result: yes
configure:13463: checking for getwd
configure:13463: gcc -o conftest -g -O2   conftest.c  >&5
/tmp/ccZv5xSE.o: In function `main':
/home/maqiyuan/Desktop/texlive-upstream/texk/gregorio/conftest.c:69: warning: the `getwd' function is dangerous and should not be used.
configure:13463: $? = 0
configure:13463: result: yes
configure:13463: checking for memcmp
configure:13463: gcc -o conftest -g -O2   conftest.c  >&5
conftest.c:59:6: warning: conflicting types for built-in function 'memcmp'
 char memcmp ();
      ^
configure:13463: $? = 0
configure:13463: result: yes
configure:13463: checking for memcpy
configure:13463: gcc -o conftest -g -O2   conftest.c  >&5
conftest.c:60:6: warning: conflicting types for built-in function 'memcpy'
 char memcpy ();
      ^
configure:13463: $? = 0
configure:13463: result: yes
configure:13463: checking for mkstemp
configure:13463: gcc -o conftest -g -O2   conftest.c  >&5
configure:13463: $? = 0
configure:13463: result: yes
configure:13463: checking for mktemp
configure:13463: gcc -o conftest -g -O2   conftest.c  >&5
/tmp/ccnfXTGT.o: In function `main':
/home/maqiyuan/Desktop/texlive-upstream/texk/gregorio/conftest.c:73: warning: the use of `mktemp' is dangerous, better use `mkstemp' or `mkdtemp'
configure:13463: $? = 0
configure:13463: result: yes
configure:13463: checking for strchr
configure:13463: gcc -o conftest -g -O2   conftest.c  >&5
conftest.c:63:6: warning: conflicting types for built-in function 'strchr'
 char strchr ();
      ^
configure:13463: $? = 0
configure:13463: result: yes
configure:13463: checking for strrchr
configure:13463: gcc -o conftest -g -O2   conftest.c  >&5
conftest.c:64:6: warning: conflicting types for built-in function 'strrchr'
 char strrchr ();
      ^
configure:13463: $? = 0
configure:13463: result: yes
configure:13472: checking for an ANSI C-conforming const
configure:13538: gcc -c -g -O2  conftest.c >&5
configure:13538: $? = 0
configure:13545: result: yes
configure:13553: checking for inline
configure:13569: gcc -c -g -O2  conftest.c >&5
configure:13569: $? = 0
configure:13577: result: inline
configure:13595: checking for size_t
configure:13595: gcc -c -g -O2  conftest.c >&5
configure:13595: $? = 0
configure:13595: gcc -c -g -O2  conftest.c >&5
conftest.c: In function 'main':
conftest.c:78:21: error: expected expression before ')' token
 if (sizeof ((size_t)))
                     ^
configure:13595: $? = 1
configure: failed program was:
| /* confdefs.h */
| #define PACKAGE_NAME "Gregorio (TeX Live)"
| #define PACKAGE_TARNAME "gregorio--tex-live-"
| #define PACKAGE_VERSION "4.1.4"
| #define PACKAGE_STRING "Gregorio (TeX Live) 4.1.4"
| #define PACKAGE_BUGREPORT "tex-k@tug.org"
| #define PACKAGE_URL "http://gregorio-project.github.io/"
| #define FILENAME_VERSION "4_1_4"
| #define STDC_HEADERS 1
| #define HAVE_SYS_TYPES_H 1
| #define HAVE_SYS_STAT_H 1
| #define HAVE_STDLIB_H 1
| #define HAVE_STRING_H 1
| #define HAVE_MEMORY_H 1
| #define HAVE_STRINGS_H 1
| #define HAVE_INTTYPES_H 1
| #define HAVE_STDINT_H 1
| #define HAVE_UNISTD_H 1
| #define HAVE_DLFCN_H 1
| #define PACKAGE "gregorio--tex-live-"
| #define VERSION "4.1.4"
| #define LT_OBJDIR ".libs/"
| #define HAVE_FSEEKO 1
| #define HAVE_DIRENT_H 1
| #define STDC_HEADERS 1
| #define HAVE_ASSERT_H 1
| #define HAVE_FLOAT_H 1
| #define HAVE_LIMITS_H 1
| #define HAVE_PWD_H 1
| #define HAVE_STDLIB_H 1
| #define HAVE_SYS_PARAM_H 1
| #define HAVE_PUTENV 1
| #define HAVE_GETCWD 1
| #define HAVE_GETWD 1
| #define HAVE_MEMCMP 1
| #define HAVE_MEMCPY 1
| #define HAVE_MKSTEMP 1
| #define HAVE_MKTEMP 1
| #define HAVE_STRCHR 1
| #define HAVE_STRRCHR 1
| /* end confdefs.h.  */
| #include <stdio.h>
| #ifdef HAVE_SYS_TYPES_H
| # include <sys/types.h>
| #endif
| #ifdef HAVE_SYS_STAT_H
| # include <sys/stat.h>
| #endif
| #ifdef STDC_HEADERS
| # include <stdlib.h>
| # include <stddef.h>
| #else
| # ifdef HAVE_STDLIB_H
| #  include <stdlib.h>
| # endif
| #endif
| #ifdef HAVE_STRING_H
| # if !defined STDC_HEADERS && defined HAVE_MEMORY_H
| #  include <memory.h>
| # endif
| # include <string.h>
| #endif
| #ifdef HAVE_STRINGS_H
| # include <strings.h>
| #endif
| #ifdef HAVE_INTTYPES_H
| # include <inttypes.h>
| #endif
| #ifdef HAVE_STDINT_H
| # include <stdint.h>
| #endif
| #ifdef HAVE_UNISTD_H
| # include <unistd.h>
| #endif
| int
| main ()
| {
| if (sizeof ((size_t)))
| 	    return 0;
|   ;
|   return 0;
| }
configure:13595: result: yes
configure:13606: checking for int64_t
configure:13606: gcc -c -g -O2  conftest.c >&5
configure:13606: $? = 0
configure:13606: gcc -c -g -O2  conftest.c >&5
conftest.c: In function 'main':
conftest.c:80:53: warning: integer overflow in expression [-Woverflow]
    < (int64_t) (((((int64_t) 1 << N) << N) - 1) * 2 + 2))];
                                                     ^
conftest.c:79:12: error: storage size of 'test_array' isn't constant
 static int test_array [1 - 2 * !((int64_t) (((((int64_t) 1 << N) << N) - 1) * 2 + 1)
            ^
configure:13606: $? = 1
configure: failed program was:
| /* confdefs.h */
| #define PACKAGE_NAME "Gregorio (TeX Live)"
| #define PACKAGE_TARNAME "gregorio--tex-live-"
| #define PACKAGE_VERSION "4.1.4"
| #define PACKAGE_STRING "Gregorio (TeX Live) 4.1.4"
| #define PACKAGE_BUGREPORT "tex-k@tug.org"
| #define PACKAGE_URL "http://gregorio-project.github.io/"
| #define FILENAME_VERSION "4_1_4"
| #define STDC_HEADERS 1
| #define HAVE_SYS_TYPES_H 1
| #define HAVE_SYS_STAT_H 1
| #define HAVE_STDLIB_H 1
| #define HAVE_STRING_H 1
| #define HAVE_MEMORY_H 1
| #define HAVE_STRINGS_H 1
| #define HAVE_INTTYPES_H 1
| #define HAVE_STDINT_H 1
| #define HAVE_UNISTD_H 1
| #define HAVE_DLFCN_H 1
| #define PACKAGE "gregorio--tex-live-"
| #define VERSION "4.1.4"
| #define LT_OBJDIR ".libs/"
| #define HAVE_FSEEKO 1
| #define HAVE_DIRENT_H 1
| #define STDC_HEADERS 1
| #define HAVE_ASSERT_H 1
| #define HAVE_FLOAT_H 1
| #define HAVE_LIMITS_H 1
| #define HAVE_PWD_H 1
| #define HAVE_STDLIB_H 1
| #define HAVE_SYS_PARAM_H 1
| #define HAVE_PUTENV 1
| #define HAVE_GETCWD 1
| #define HAVE_GETWD 1
| #define HAVE_MEMCMP 1
| #define HAVE_MEMCPY 1
| #define HAVE_MKSTEMP 1
| #define HAVE_MKTEMP 1
| #define HAVE_STRCHR 1
| #define HAVE_STRRCHR 1
| /* end confdefs.h.  */
| #include <stdio.h>
| #ifdef HAVE_SYS_TYPES_H
| # include <sys/types.h>
| #endif
| #ifdef HAVE_SYS_STAT_H
| # include <sys/stat.h>
| #endif
| #ifdef STDC_HEADERS
| # include <stdlib.h>
| # include <stddef.h>
| #else
| # ifdef HAVE_STDLIB_H
| #  include <stdlib.h>
| # endif
| #endif
| #ifdef HAVE_STRING_H
| # if !defined STDC_HEADERS && defined HAVE_MEMORY_H
| #  include <memory.h>
| # endif
| # include <string.h>
| #endif
| #ifdef HAVE_STRINGS_H
| # include <strings.h>
| #endif
| #ifdef HAVE_INTTYPES_H
| # include <inttypes.h>
| #endif
| #ifdef HAVE_STDINT_H
| # include <stdint.h>
| #endif
| #ifdef HAVE_UNISTD_H
| # include <unistd.h>
| #endif
| 	        enum { N = 64 / 2 - 1 };
| int
| main ()
| {
| static int test_array [1 - 2 * !((int64_t) (((((int64_t) 1 << N) << N) - 1) * 2 + 1)
| 		 < (int64_t) (((((int64_t) 1 << N) << N) - 1) * 2 + 2))];
| test_array [0] = 0;
| return test_array [0];
| 
|   ;
|   return 0;
| }
configure:13606: result: yes
configure:13617: checking for uint64_t
configure:13617: gcc -c -g -O2  conftest.c >&5
configure:13617: $? = 0
configure:13617: result: yes
configure:13637: checking whether isascii is declared
configure:13637: gcc -c -g -O2  conftest.c >&5
configure:13637: $? = 0
configure:13637: result: yes
configure:13649: checking for struct stat.st_mtim
configure:13649: gcc -c -g -O2  conftest.c >&5
conftest.c: In function 'main':
conftest.c:80:5: error: used struct type value where scalar is required
 if (ac_aggr.st_mtim)
     ^
configure:13649: $? = 1
configure: failed program was:
| /* confdefs.h */
| #define PACKAGE_NAME "Gregorio (TeX Live)"
| #define PACKAGE_TARNAME "gregorio--tex-live-"
| #define PACKAGE_VERSION "4.1.4"
| #define PACKAGE_STRING "Gregorio (TeX Live) 4.1.4"
| #define PACKAGE_BUGREPORT "tex-k@tug.org"
| #define PACKAGE_URL "http://gregorio-project.github.io/"
| #define FILENAME_VERSION "4_1_4"
| #define STDC_HEADERS 1
| #define HAVE_SYS_TYPES_H 1
| #define HAVE_SYS_STAT_H 1
| #define HAVE_STDLIB_H 1
| #define HAVE_STRING_H 1
| #define HAVE_MEMORY_H 1
| #define HAVE_STRINGS_H 1
| #define HAVE_INTTYPES_H 1
| #define HAVE_STDINT_H 1
| #define HAVE_UNISTD_H 1
| #define HAVE_DLFCN_H 1
| #define PACKAGE "gregorio--tex-live-"
| #define VERSION "4.1.4"
| #define LT_OBJDIR ".libs/"
| #define HAVE_FSEEKO 1
| #define HAVE_DIRENT_H 1
| #define STDC_HEADERS 1
| #define HAVE_ASSERT_H 1
| #define HAVE_FLOAT_H 1
| #define HAVE_LIMITS_H 1
| #define HAVE_PWD_H 1
| #define HAVE_STDLIB_H 1
| #define HAVE_SYS_PARAM_H 1
| #define HAVE_PUTENV 1
| #define HAVE_GETCWD 1
| #define HAVE_GETWD 1
| #define HAVE_MEMCMP 1
| #define HAVE_MEMCPY 1
| #define HAVE_MKSTEMP 1
| #define HAVE_MKTEMP 1
| #define HAVE_STRCHR 1
| #define HAVE_STRRCHR 1
| #define HAVE_DECL_ISASCII 1
| /* end confdefs.h.  */
| #include <stdio.h>
| #ifdef HAVE_SYS_TYPES_H
| # include <sys/types.h>
| #endif
| #ifdef HAVE_SYS_STAT_H
| # include <sys/stat.h>
| #endif
| #ifdef STDC_HEADERS
| # include <stdlib.h>
| # include <stddef.h>
| #else
| # ifdef HAVE_STDLIB_H
| #  include <stdlib.h>
| # endif
| #endif
| #ifdef HAVE_STRING_H
| # if !defined STDC_HEADERS && defined HAVE_MEMORY_H
| #  include <memory.h>
| # endif
| # include <string.h>
| #endif
| #ifdef HAVE_STRINGS_H
| # include <strings.h>
| #endif
| #ifdef HAVE_INTTYPES_H
| # include <inttypes.h>
| #endif
| #ifdef HAVE_STDINT_H
| # include <stdint.h>
| #endif
| #ifdef HAVE_UNISTD_H
| # include <unistd.h>
| #endif
| int
| main ()
| {
| static struct stat ac_aggr;
| if (ac_aggr.st_mtim)
| return 0;
|   ;
|   return 0;
| }
configure:13649: gcc -c -g -O2  conftest.c >&5
configure:13649: $? = 0
configure:13649: result: yes
configure:13678: checking for realpath
configure:13678: gcc -o conftest -g -O2   conftest.c  >&5
configure:13678: $? = 0
configure:13678: result: yes
configure:13691: checking whether realpath works
configure:13749: gcc -o conftest -g -O2   conftest.c  >&5
In file included from /usr/include/stdlib.h:32:0,
                 from conftest.c:48:
/usr/lib/gcc/x86_64-linux-gnu/5/include/stddef.h:216:1: error: expected '=', ',', ';', 'asm' or '__attribute__' before 'typedef'
 typedef __SIZE_TYPE__ size_t;
 ^
In file included from conftest.c:48:0:
/usr/include/stdlib.h:139:8: error: unknown type name 'size_t'
 extern size_t __ctype_get_mb_cur_max (void) __THROW __wur;
        ^
In file included from conftest.c:48:0:
/usr/include/stdlib.h:331:4: error: unknown type name 'size_t'
    size_t __statelen) __THROW __nonnull ((2));
    ^
/usr/include/stdlib.h:361:4: error: unknown type name 'size_t'
    size_t __statelen,
    ^
/usr/include/stdlib.h:466:22: error: unknown type name 'size_t'
 extern void *malloc (size_t __size) __THROW __attribute_malloc__ __wur;
                      ^
/usr/include/stdlib.h:468:22: error: unknown type name 'size_t'
 extern void *calloc (size_t __nmemb, size_t __size)
                      ^
/usr/include/stdlib.h:468:38: error: unknown type name 'size_t'
 extern void *calloc (size_t __nmemb, size_t __size)
                                      ^
/usr/include/stdlib.h:480:36: error: unknown type name 'size_t'
 extern void *realloc (void *__ptr, size_t __size)
                                    ^
In file included from /usr/include/stdlib.h:492:0,
                 from conftest.c:48:
/usr/include/alloca.h:32:22: error: unknown type name 'size_t'
 extern void *alloca (size_t __size) __THROW;
                      ^
In file included from conftest.c:48:0:
/usr/include/stdlib.h:498:22: error: unknown type name 'size_t'
 extern void *valloc (size_t __size) __THROW __attribute_malloc__ __wur;
                      ^
/usr/include/stdlib.h:503:45: error: unknown type name 'size_t'
 extern int posix_memalign (void **__memptr, size_t __alignment, size_t __size)
                                             ^
/usr/include/stdlib.h:503:65: error: unknown type name 'size_t'
 extern int posix_memalign (void **__memptr, size_t __alignment, size_t __size)
                                                                 ^
/usr/include/stdlib.h:509:29: error: unknown type name 'size_t'
 extern void *aligned_alloc (size_t __alignment, size_t __size)
                             ^
/usr/include/stdlib.h:509:49: error: unknown type name 'size_t'
 extern void *aligned_alloc (size_t __alignment, size_t __size)
                                                 ^
/usr/include/stdlib.h:755:9: error: unknown type name 'size_t'
         size_t __nmemb, size_t __size, __compar_fn_t __compar)
         ^
/usr/include/stdlib.h:755:25: error: unknown type name 'size_t'
         size_t __nmemb, size_t __size, __compar_fn_t __compar)
                         ^
In file included from /usr/include/stdlib.h:759:0,
                 from conftest.c:48:
/usr/include/x86_64-linux-gnu/bits/stdlib-bsearch.h:20:49: error: unknown type name 'size_t'
 bsearch (const void *__key, const void *__base, size_t __nmemb, size_t __size,
                                                 ^
/usr/include/x86_64-linux-gnu/bits/stdlib-bsearch.h:20:65: error: unknown type name 'size_t'
 bsearch (const void *__key, const void *__base, size_t __nmemb, size_t __size,
                                                                 ^
In file included from conftest.c:48:0:
/usr/include/stdlib.h:764:34: error: unknown type name 'size_t'
 extern void qsort (void *__base, size_t __nmemb, size_t __size,
                                  ^
/usr/include/stdlib.h:764:50: error: unknown type name 'size_t'
 extern void qsort (void *__base, size_t __nmemb, size_t __size,
                                                  ^
/usr/include/stdlib.h:843:6: error: unknown type name 'size_t'
      size_t __len) __THROW __nonnull ((3, 4, 5));
      ^
/usr/include/stdlib.h:846:6: error: unknown type name 'size_t'
      size_t __len) __THROW __nonnull ((3, 4, 5));
      ^
/usr/include/stdlib.h:850:31: error: unknown type name 'size_t'
       char *__restrict __buf, size_t __len)
                               ^
/usr/include/stdlib.h:854:31: error: unknown type name 'size_t'
       char *__restrict __buf, size_t __len)
                               ^
/usr/include/stdlib.h:862:36: error: unknown type name 'size_t'
 extern int mblen (const char *__s, size_t __n) __THROW;
                                    ^
/usr/include/stdlib.h:866:34: error: unknown type name 'size_t'
      const char *__restrict __s, size_t __n) __THROW;
                                  ^
/usr/include/stdlib.h:873:8: error: unknown type name 'size_t'
 extern size_t mbstowcs (wchar_t *__restrict  __pwcs,
        ^
/usr/include/stdlib.h:874:32: error: unknown type name 'size_t'
    const char *__restrict __s, size_t __n) __THROW;
                                ^
/usr/include/stdlib.h:876:8: error: unknown type name 'size_t'
 extern size_t wcstombs (char *__restrict __s,
        ^
/usr/include/stdlib.h:877:38: error: unknown type name 'size_t'
    const wchar_t *__restrict __pwcs, size_t __n)
                                      ^
In file included from /usr/include/stdlib.h:958:0,
                 from conftest.c:48:
/usr/include/x86_64-linux-gnu/bits/stdlib.h:25:9: error: unknown type name 'size_t'
         size_t __resolvedlen) __THROW __wur;
         ^
In file included from /usr/include/features.h:367:0,
                 from /usr/include/stdlib.h:24,
                 from conftest.c:48:
/usr/include/x86_64-linux-gnu/bits/stdlib.h:29:14: error: unknown type name 'size_t'
 extern char *__REDIRECT_NTH (__realpath_chk_warn,
              ^
In file included from /usr/include/stdlib.h:958:0,
                 from conftest.c:48:
/usr/include/x86_64-linux-gnu/bits/stdlib.h: In function 'realpath':
/usr/include/x86_64-linux-gnu/bits/stdlib.h:39:30: error: 'size_t' undeclared (first use in this function)
   if (__bos (__resolved) != (size_t) -1)
                              ^
/usr/include/x86_64-linux-gnu/bits/stdlib.h:39:30: note: each undeclared identifier is reported only once for each function it appears in
/usr/include/x86_64-linux-gnu/bits/stdlib.h: At top level:
/usr/include/x86_64-linux-gnu/bits/stdlib.h:52:52: error: unknown type name 'size_t'
 extern int __ptsname_r_chk (int __fd, char *__buf, size_t __buflen,
                                                    ^
/usr/include/x86_64-linux-gnu/bits/stdlib.h:53:8: error: unknown type name 'size_t'
        size_t __nreal) __THROW __nonnull ((2));
        ^
In file included from /usr/include/features.h:367:0,
                 from /usr/include/stdlib.h:24,
                 from conftest.c:48:
/usr/include/x86_64-linux-gnu/bits/stdlib.h:54:12: error: unknown type name 'size_t'
 extern int __REDIRECT_NTH (__ptsname_r_alias, (int __fd, char *__buf,
            ^
/usr/include/x86_64-linux-gnu/bits/stdlib.h:57:12: error: unknown type name 'size_t'
 extern int __REDIRECT_NTH (__ptsname_r_chk_warn,
            ^
/usr/include/x86_64-linux-gnu/bits/stdlib.h:57:12: error: unknown type name 'size_t'
 extern int __REDIRECT_NTH (__ptsname_r_chk_warn,
            ^
/usr/include/x86_64-linux-gnu/bits/stdlib.h:64:1: error: unknown type name 'size_t'
 __NTH (ptsname_r (int __fd, char *__buf, size_t __buflen))
 ^
In file included from /usr/include/stdlib.h:958:0,
                 from conftest.c:48:
/usr/include/x86_64-linux-gnu/bits/stdlib.h:77:54: error: unknown type name 'size_t'
 extern int __wctomb_chk (char *__s, wchar_t __wchar, size_t __buflen)
                                                      ^
/usr/include/x86_64-linux-gnu/bits/stdlib.h: In function 'wctomb':
/usr/include/x86_64-linux-gnu/bits/stdlib.h:92:23: error: 'size_t' undeclared (first use in this function)
   if (__bos (__s) != (size_t) -1 && __STDLIB_MB_LEN_MAX > __bos (__s))
                       ^
/usr/include/x86_64-linux-gnu/bits/stdlib.h: At top level:
/usr/include/x86_64-linux-gnu/bits/stdlib.h:98:8: error: unknown type name 'size_t'
 extern size_t __mbstowcs_chk (wchar_t *__restrict __dst,
        ^
/usr/include/x86_64-linux-gnu/bits/stdlib.h:100:10: error: unknown type name 'size_t'
          size_t __len, size_t __dstlen) __THROW;
          ^
/usr/include/x86_64-linux-gnu/bits/stdlib.h:100:24: error: unknown type name 'size_t'
          size_t __len, size_t __dstlen) __THROW;
                        ^
/usr/include/x86_64-linux-gnu/bits/stdlib.h:101:8: error: unknown type name 'size_t'
 extern size_t __REDIRECT_NTH (__mbstowcs_alias,
        ^
In file included from /usr/include/features.h:367:0,
                 from /usr/include/stdlib.h:24,
                 from conftest.c:48:
/usr/include/x86_64-linux-gnu/bits/stdlib.h:101:15: error: unknown type name 'size_t'
 extern size_t __REDIRECT_NTH (__mbstowcs_alias,
               ^
In file included from /usr/include/stdlib.h:958:0,
                 from conftest.c:48:
/usr/include/x86_64-linux-gnu/bits/stdlib.h:105:8: error: unknown type name 'size_t'
 extern size_t __REDIRECT_NTH (__mbstowcs_chk_warn,
        ^
In file included from /usr/include/features.h:367:0,
                 from /usr/include/stdlib.h:24,
                 from conftest.c:48:
/usr/include/x86_64-linux-gnu/bits/stdlib.h:105:15: error: unknown type name 'size_t'
 extern size_t __REDIRECT_NTH (__mbstowcs_chk_warn,
               ^
/usr/include/x86_64-linux-gnu/bits/stdlib.h:105:15: error: unknown type name 'size_t'
 extern size_t __REDIRECT_NTH (__mbstowcs_chk_warn,
               ^
/usr/include/x86_64-linux-gnu/bits/stdlib.h:113:1: error: expected ',' or ';' before 'mbstowcs'
 __NTH (mbstowcs (wchar_t *__restrict __dst, const char *__restrict __src,
 ^
In file included from /usr/include/stdlib.h:958:0,
                 from conftest.c:48:
/usr/include/x86_64-linux-gnu/bits/stdlib.h:130:15: error: expected '=', ',', ';', 'asm' or '__attribute__' before '__wcstombs_chk'
 extern size_t __wcstombs_chk (char *__restrict __dst,
               ^
In file included from /usr/include/features.h:367:0,
                 from /usr/include/stdlib.h:24,
                 from conftest.c:48:
/usr/include/x86_64-linux-gnu/bits/stdlib.h:133:15: error: expected '=', ',', ';', 'asm' or '__attribute__' before '__wcstombs_alias'
 extern size_t __REDIRECT_NTH (__wcstombs_alias,
               ^
/usr/include/x86_64-linux-gnu/bits/stdlib.h:137:15: error: expected '=', ',', ';', 'asm' or '__attribute__' before '__wcstombs_chk_warn'
 extern size_t __REDIRECT_NTH (__wcstombs_chk_warn,
               ^
/usr/include/x86_64-linux-gnu/bits/stdlib.h:144:1: error: expected ',' or ';' before 'wcstombs'
 __NTH (wcstombs (char *__restrict __dst, const wchar_t *__restrict __src,
 ^
In file included from conftest.c:49:0:
/usr/include/string.h:43:8: error: expected declaration specifiers or '...' before 'size_t'
        size_t __n) __THROW __nonnull ((1, 2));
        ^
/usr/include/string.h:46:56: error: expected declaration specifiers or '...' before 'size_t'
 extern void *memmove (void *__dest, const void *__src, size_t __n)
                                                        ^
/usr/include/string.h:55:18: error: expected declaration specifiers or '...' before 'size_t'
         int __c, size_t __n)
                  ^
/usr/include/string.h:62:42: error: expected declaration specifiers or '...' before 'size_t'
 extern void *memset (void *__s, int __c, size_t __n) __THROW __nonnull ((1));
                                          ^
/usr/include/string.h:65:56: error: expected declaration specifiers or '...' before 'size_t'
 extern int memcmp (const void *__s1, const void *__s2, size_t __n)
                                                        ^
/usr/include/string.h:92:48: error: expected declaration specifiers or '...' before 'size_t'
 extern void *memchr (const void *__s, int __c, size_t __n)
                                                ^
/usr/include/string.h:129:39: error: expected declaration specifiers or '...' before 'size_t'
         const char *__restrict __src, size_t __n)
                                       ^
/usr/include/string.h:137:9: error: expected declaration specifiers or '...' before 'size_t'
         size_t __n) __THROW __nonnull ((1, 2));
         ^
/usr/include/string.h:143:57: error: expected declaration specifiers or '...' before 'size_t'
 extern int strncmp (const char *__s1, const char *__s2, size_t __n)
                                                         ^
/usr/include/string.h:150:15: error: expected '=', ',', ';', 'asm' or '__attribute__' before 'strxfrm'
 extern size_t strxfrm (char *__restrict __dest,
               ^
In file included from conftest.c:49:0:
/usr/include/string.h:165:15: error: expected '=', ',', ';', 'asm' or '__attribute__' before 'strxfrm_l'
 extern size_t strxfrm_l (char *__dest, const char *__src, size_t __n,
               ^
/usr/include/string.h:179:45: error: expected declaration specifiers or '...' before 'size_t'
 extern char *strndup (const char *__string, size_t __n)
                                             ^
/usr/include/string.h:280:15: error: expected '=', ',', ';', 'asm' or '__attribute__' before 'strcspn'
 extern size_t strcspn (const char *__s, const char *__reject)
               ^
/usr/include/string.h:284:15: error: expected '=', ',', ';', 'asm' or '__attribute__' before 'strspn'
 extern size_t strspn (const char *__s, const char *__accept)
               ^
/usr/include/string.h:394:15: error: expected '=', ',', ';', 'asm' or '__attribute__' before 'strlen'
 extern size_t strlen (const char *__s)
               ^
/usr/include/string.h:401:15: error: expected '=', ',', ';', 'asm' or '__attribute__' before 'strnlen'
 extern size_t strnlen (const char *__string, size_t __maxlen)
               ^
In file included from /usr/include/features.h:367:0,
                 from /usr/include/stdlib.h:24,
                 from conftest.c:48:
/usr/include/string.h:422:12: error: expected declaration specifiers or '...' before 'size_t'
 extern int __REDIRECT_NTH (strerror_r,
            ^
In file included from conftest.c:49:0:
/usr/include/string.h:446:33: error: expected declaration specifiers or '...' before 'size_t'
 extern void __bzero (void *__s, size_t __n) __THROW __nonnull ((1));
                                 ^
/usr/include/string.h:450:53: error: expected declaration specifiers or '...' before 'size_t'
 extern void bcopy (const void *__src, void *__dest, size_t __n)
                                                     ^
/usr/include/string.h:454:31: error: expected declaration specifiers or '...' before 'size_t'
 extern void bzero (void *__s, size_t __n) __THROW __nonnull ((1));
                               ^
/usr/include/string.h:457:54: error: expected declaration specifiers or '...' before 'size_t'
 extern int bcmp (const void *__s1, const void *__s2, size_t __n)
                                                      ^
/usr/include/string.h:533:61: error: expected declaration specifiers or '...' before 'size_t'
 extern int strncasecmp (const char *__s1, const char *__s2, size_t __n)
                                                             ^
/usr/include/string.h:570:34: error: expected declaration specifiers or '...' before 'size_t'
    const char *__restrict __src, size_t __n)
                                  ^
/usr/include/string.h:573:39: error: expected declaration specifiers or '...' before 'size_t'
         const char *__restrict __src, size_t __n)
                                       ^
In file included from /usr/include/string.h:630:0,
                 from conftest.c:49:
/usr/include/x86_64-linux-gnu/bits/string2.h:945:24: error: expected '=', ',', ';', 'asm' or '__attribute__' before '__strcspn_c1'
 __STRING_INLINE size_t __strcspn_c1 (const char *__s, int __reject);
                        ^
/usr/include/x86_64-linux-gnu/bits/string2.h:947:1: error: expected '=', ',', ';', 'asm' or '__attribute__' before '__strcspn_c1'
 __strcspn_c1 (const char *__s, int __reject)
 ^
/usr/include/x86_64-linux-gnu/bits/string2.h:955:24: error: expected '=', ',', ';', 'asm' or '__attribute__' before '__strcspn_c2'
 __STRING_INLINE size_t __strcspn_c2 (const char *__s, int __reject1,
                        ^
/usr/include/x86_64-linux-gnu/bits/string2.h:958:1: error: expected '=', ',', ';', 'asm' or '__attribute__' before '__strcspn_c2'
 __strcspn_c2 (const char *__s, int __reject1, int __reject2)
 ^
/usr/include/x86_64-linux-gnu/bits/string2.h:967:24: error: expected '=', ',', ';', 'asm' or '__attribute__' before '__strcspn_c3'
 __STRING_INLINE size_t __strcspn_c3 (const char *__s, int __reject1,
                        ^
/usr/include/x86_64-linux-gnu/bits/string2.h:970:1: error: expected '=', ',', ';', 'asm' or '__attribute__' before '__strcspn_c3'
 __strcspn_c3 (const char *__s, int __reject1, int __reject2,
 ^
/usr/include/x86_64-linux-gnu/bits/string2.h:1021:24: error: expected '=', ',', ';', 'asm' or '__attribute__' before '__strspn_c1'
 __STRING_INLINE size_t __strspn_c1 (const char *__s, int __accept);
                        ^
/usr/include/x86_64-linux-gnu/bits/string2.h:1023:1: error: expected '=', ',', ';', 'asm' or '__attribute__' before '__strspn_c1'
 __strspn_c1 (const char *__s, int __accept)
 ^
/usr/include/x86_64-linux-gnu/bits/string2.h:1032:24: error: expected '=', ',', ';', 'asm' or '__attribute__' before '__strspn_c2'
 __STRING_INLINE size_t __strspn_c2 (const char *__s, int __accept1,
                        ^
/usr/include/x86_64-linux-gnu/bits/string2.h:1035:1: error: expected '=', ',', ';', 'asm' or '__attribute__' before '__strspn_c2'
 __strspn_c2 (const char *__s, int __accept1, int __accept2)
 ^
/usr/include/x86_64-linux-gnu/bits/string2.h:1044:24: error: expected '=', ',', ';', 'asm' or '__attribute__' before '__strspn_c3'
 __STRING_INLINE size_t __strspn_c3 (const char *__s, int __accept1,
                        ^
/usr/include/x86_64-linux-gnu/bits/string2.h:1047:1: error: expected '=', ',', ';', 'asm' or '__attribute__' before '__strspn_c3'
 __strspn_c3 (const char *__s, int __accept1, int __accept2, int __accept3)
 ^
/usr/include/x86_64-linux-gnu/bits/string2.h: In function '__strpbrk_c2':
/usr/include/x86_64-linux-gnu/bits/string2.h:1105:50: error: expected ';' before '__s'
   return *__s == '\0' ? NULL : (char *) (size_t) __s;
                                                  ^
/usr/include/x86_64-linux-gnu/bits/string2.h: In function '__strpbrk_c3':
/usr/include/x86_64-linux-gnu/bits/string2.h:1117:50: error: expected ';' before '__s'
   return *__s == '\0' ? NULL : (char *) (size_t) __s;
                                                  ^
/usr/include/x86_64-linux-gnu/bits/string2.h: At top level:
/usr/include/x86_64-linux-gnu/bits/string2.h:1297:47: error: expected declaration specifiers or '...' before 'size_t'
 extern char *__strndup (const char *__string, size_t __n)
                                               ^
In file included from /usr/include/features.h:367:0,
                 from /usr/include/stdlib.h:24,
                 from conftest.c:48:
/usr/include/x86_64-linux-gnu/bits/string3.h:50:1: error: expected declaration specifiers or '...' before 'size_t'
 __NTH (memcpy (void *__restrict __dest, const void *__restrict __src,
 ^
/usr/include/x86_64-linux-gnu/bits/string3.h:57:1: error: expected declaration specifiers or '...' before 'size_t'
 __NTH (memmove (void *__dest, const void *__src, size_t __len))
 ^
/usr/include/x86_64-linux-gnu/bits/string3.h:78:1: error: expected declaration specifiers or '...' before 'size_t'
 __NTH (memset (void *__dest, int __ch, size_t __len))
 ^
/usr/include/x86_64-linux-gnu/bits/string3.h:95:1: error: expected declaration specifiers or '...' before 'size_t'
 __NTH (bcopy (const void *__src, void *__dest, size_t __len))
 ^
/usr/include/x86_64-linux-gnu/bits/string3.h:101:1: error: expected declaration specifiers or '...' before 'size_t'
 __NTH (bzero (void *__dest, size_t __len))
 ^
/usr/include/x86_64-linux-gnu/bits/string3.h:123:1: error: expected declaration specifiers or '...' before 'size_t'
 __NTH (strncpy (char *__restrict __dest, const char *__restrict __src,
 ^
In file included from /usr/include/string.h:635:0,
                 from conftest.c:49:
/usr/include/x86_64-linux-gnu/bits/string3.h:130:62: error: expected declaration specifiers or '...' before 'size_t'
 extern char *__stpncpy_chk (char *__dest, const char *__src, size_t __n,
                                                              ^
/usr/include/x86_64-linux-gnu/bits/string3.h:131:8: error: expected declaration specifiers or '...' before 'size_t'
        size_t __destlen) __THROW;
        ^
In file included from /usr/include/features.h:367:0,
                 from /usr/include/stdlib.h:24,
                 from conftest.c:48:
/usr/include/x86_64-linux-gnu/bits/string3.h:132:14: error: expected declaration specifiers or '...' before 'size_t'
 extern char *__REDIRECT_NTH (__stpncpy_alias, (char *__dest, const char *__src,
              ^
/usr/include/x86_64-linux-gnu/bits/string3.h:136:1: error: expected declaration specifiers or '...' before 'size_t'
 __NTH (stpncpy (char *__dest, const char *__src, size_t __n))
 ^
/usr/include/x86_64-linux-gnu/bits/string3.h:153:1: error: expected declaration specifiers or '...' before 'size_t'
 __NTH (strncat (char *__restrict __dest, const char *__restrict __src,
 ^
In file included from /usr/include/string.h:630:0,
                 from conftest.c:49:
conftest.c: In function 'main':
conftest.c:74:15: error: expected ';' before '__s1_len'
           if (strcmp (name1, name2) != 0)
               ^
conftest.c:74:15: error: '__s1_len' undeclared (first use in this function)
           if (strcmp (name1, name2) != 0)
               ^
conftest.c:74:15: error: '__s2_len' undeclared (first use in this function)
           if (strcmp (name1, name2) != 0)
               ^
conftest.c:74:15: error: expected expression before 'const'
           if (strcmp (name1, name2) != 0)
               ^
conftest.c:74:15: error: called object 'size_t' is not a function or function pointer
           if (strcmp (name1, name2) != 0)
               ^
In file included from /usr/include/stdlib.h:958:0,
                 from conftest.c:48:
/usr/include/x86_64-linux-gnu/bits/stdlib.h:143:20: note: declared here
 __fortify_function size_t
                    ^
In file included from /usr/include/string.h:630:0,
                 from conftest.c:49:
conftest.c:74:15: error: expected expression before 'const'
           if (strcmp (name1, name2) != 0)
               ^
conftest.c:74:15: error: called object 'size_t' is not a function or function pointer
           if (strcmp (name1, name2) != 0)
               ^
In file included from /usr/include/stdlib.h:958:0,
                 from conftest.c:48:
/usr/include/x86_64-linux-gnu/bits/stdlib.h:143:20: note: declared here
 __fortify_function size_t
                    ^
In file included from /usr/include/string.h:630:0,
                 from conftest.c:49:
conftest.c:74:15: error: expected expression before 'const'
           if (strcmp (name1, name2) != 0)
               ^
conftest.c:74:15: error: called object 'size_t' is not a function or function pointer
           if (strcmp (name1, name2) != 0)
               ^
In file included from /usr/include/stdlib.h:958:0,
                 from conftest.c:48:
/usr/include/x86_64-linux-gnu/bits/stdlib.h:143:20: note: declared here
 __fortify_function size_t
                    ^
In file included from /usr/include/string.h:630:0,
                 from conftest.c:49:
conftest.c:74:15: error: expected expression before 'const'
           if (strcmp (name1, name2) != 0)
               ^
conftest.c:74:15: error: called object 'size_t' is not a function or function pointer
           if (strcmp (name1, name2) != 0)
               ^
In file included from /usr/include/stdlib.h:958:0,
                 from conftest.c:48:
/usr/include/x86_64-linux-gnu/bits/stdlib.h:143:20: note: declared here
 __fortify_function size_t
                    ^
In file included from /usr/include/string.h:630:0,
                 from conftest.c:49:
conftest.c:74:15: error: expected expression before 'const'
           if (strcmp (name1, name2) != 0)
               ^
conftest.c:74:15: error: called object 'size_t' is not a function or function pointer
           if (strcmp (name1, name2) != 0)
               ^
In file included from /usr/include/stdlib.h:958:0,
                 from conftest.c:48:
/usr/include/x86_64-linux-gnu/bits/stdlib.h:143:20: note: declared here
 __fortify_function size_t
                    ^
In file included from /usr/include/string.h:630:0,
                 from conftest.c:49:
conftest.c:74:15: error: expected expression before 'const'
           if (strcmp (name1, name2) != 0)
               ^
conftest.c:74:15: error: called object 'size_t' is not a function or function pointer
           if (strcmp (name1, name2) != 0)
               ^
In file included from /usr/include/stdlib.h:958:0,
                 from conftest.c:48:
/usr/include/x86_64-linux-gnu/bits/stdlib.h:143:20: note: declared here
 __fortify_function size_t
                    ^
In file included from /usr/include/string.h:630:0,
                 from conftest.c:49:
conftest.c:74:15: error: expected expression before 'const'
           if (strcmp (name1, name2) != 0)
               ^
conftest.c:74:15: error: called object 'size_t' is not a function or function pointer
           if (strcmp (name1, name2) != 0)
               ^
In file included from /usr/include/stdlib.h:958:0,
                 from conftest.c:48:
/usr/include/x86_64-linux-gnu/bits/stdlib.h:143:20: note: declared here
 __fortify_function size_t
                    ^
In file included from /usr/include/string.h:630:0,
                 from conftest.c:49:
conftest.c:74:15: error: expected expression before 'const'
           if (strcmp (name1, name2) != 0)
               ^
conftest.c:74:15: error: called object 'size_t' is not a function or function pointer
           if (strcmp (name1, name2) != 0)
               ^
In file included from /usr/include/stdlib.h:958:0,
                 from conftest.c:48:
/usr/include/x86_64-linux-gnu/bits/stdlib.h:143:20: note: declared here
 __fortify_function size_t
                    ^
In file included from /usr/include/string.h:630:0,
                 from conftest.c:49:
conftest.c:74:15: error: expected expression before 'const'
           if (strcmp (name1, name2) != 0)
               ^
conftest.c:74:15: error: called object 'size_t' is not a function or function pointer
           if (strcmp (name1, name2) != 0)
               ^
In file included from /usr/include/stdlib.h:958:0,
                 from conftest.c:48:
/usr/include/x86_64-linux-gnu/bits/stdlib.h:143:20: note: declared here
 __fortify_function size_t
                    ^
In file included from /usr/include/string.h:630:0,
                 from conftest.c:49:
conftest.c:74:15: error: expected expression before 'const'
           if (strcmp (name1, name2) != 0)
               ^
conftest.c:74:15: error: called object 'size_t' is not a function or function pointer
           if (strcmp (name1, name2) != 0)
               ^
In file included from /usr/include/stdlib.h:958:0,
                 from conftest.c:48:
/usr/include/x86_64-linux-gnu/bits/stdlib.h:143:20: note: declared here
 __fortify_function size_t
                    ^
In file included from /usr/include/string.h:630:0,
                 from conftest.c:49:
conftest.c:74:15: error: expected expression before 'const'
           if (strcmp (name1, name2) != 0)
               ^
conftest.c:74:15: error: called object 'size_t' is not a function or function pointer
           if (strcmp (name1, name2) != 0)
               ^
In file included from /usr/include/stdlib.h:958:0,
                 from conftest.c:48:
/usr/include/x86_64-linux-gnu/bits/stdlib.h:143:20: note: declared here
 __fortify_function size_t
                    ^
In file included from /usr/include/string.h:630:0,
                 from conftest.c:49:
conftest.c:74:15: error: expected expression before 'const'
           if (strcmp (name1, name2) != 0)
               ^
conftest.c:74:15: error: called object 'size_t' is not a function or function pointer
           if (strcmp (name1, name2) != 0)
               ^
In file included from /usr/include/stdlib.h:958:0,
                 from conftest.c:48:
/usr/include/x86_64-linux-gnu/bits/stdlib.h:143:20: note: declared here
 __fortify_function size_t
                    ^
configure:13749: $? = 1
configure: program exited with status 1
configure: failed program was:
| /* confdefs.h */
| #define PACKAGE_NAME "Gregorio (TeX Live)"
| #define PACKAGE_TARNAME "gregorio--tex-live-"
| #define PACKAGE_VERSION "4.1.4"
| #define PACKAGE_STRING "Gregorio (TeX Live) 4.1.4"
| #define PACKAGE_BUGREPORT "tex-k@tug.org"
| #define PACKAGE_URL "http://gregorio-project.github.io/"
| #define FILENAME_VERSION "4_1_4"
| #define STDC_HEADERS 1
| #define HAVE_SYS_TYPES_H 1
| #define HAVE_SYS_STAT_H 1
| #define HAVE_STDLIB_H 1
| #define HAVE_STRING_H 1
| #define HAVE_MEMORY_H 1
| #define HAVE_STRINGS_H 1
| #define HAVE_INTTYPES_H 1
| #define HAVE_STDINT_H 1
| #define HAVE_UNISTD_H 1
| #define HAVE_DLFCN_H 1
| #define PACKAGE "gregorio--tex-live-"
| #define VERSION "4.1.4"
| #define LT_OBJDIR ".libs/"
| #define HAVE_FSEEKO 1
| #define HAVE_DIRENT_H 1
| #define STDC_HEADERS 1
| #define HAVE_ASSERT_H 1
| #define HAVE_FLOAT_H 1
| #define HAVE_LIMITS_H 1
| #define HAVE_PWD_H 1
| #define HAVE_STDLIB_H 1
| #define HAVE_SYS_PARAM_H 1
| #define HAVE_PUTENV 1
| #define HAVE_GETCWD 1
| #define HAVE_GETWD 1
| #define HAVE_MEMCMP 1
| #define HAVE_MEMCPY 1
| #define HAVE_MKSTEMP 1
| #define HAVE_MKTEMP 1
| #define HAVE_STRCHR 1
| #define HAVE_STRRCHR 1
| #define HAVE_DECL_ISASCII 1
| #define HAVE_STRUCT_STAT_ST_MTIM 1
| #define HAVE_REALPATH 1
| /* end confdefs.h.  */
| 
| 
|         GL_NOCRASH
|         #include <stdlib.h>
|         #include <string.h>
| 
| int
| main ()
| {
| 
|         int result = 0;
|         {
|           char *name = realpath ("conftest.a", NULL);
|           if (!(name && *name == '/'))
|             result |= 1;
|         }
|         {
|           char *name = realpath ("conftest.b/../conftest.a", NULL);
|           if (name != NULL)
|             result |= 2;
|         }
|         {
|           char *name = realpath ("conftest.a/", NULL);
|           if (name != NULL)
|             result |= 4;
|         }
|         {
|           char *name1 = realpath (".", NULL);
|           char *name2 = realpath ("conftest.d//./..", NULL);
|           if (strcmp (name1, name2) != 0)
|             result |= 8;
|         }
|         return result;
| 
|   ;
|   return 0;
| }
| 
configure:13761: result: no
configure:13774: checking for stdint.h
configure:13774: result: yes
configure:13786: checking stdalign.h usability
configure:13786: gcc -c -g -O2  conftest.c >&5
configure:13786: $? = 0
configure:13786: result: yes
configure:13786: checking stdalign.h presence
configure:13786: gcc -E  conftest.c
configure:13786: $? = 0
configure:13786: result: yes
configure:13786: checking for stdalign.h
configure:13786: result: yes
configure:13799: checking alignment of uint32_t
configure:13804: gcc -o conftest -g -O2   conftest.c  >&5
configure:13804: $? = 0
configure:13804: ./conftest
configure:13804: $? = 0
configure:13822: result: 4
configure:13833: checking whether byte ordering is bigendian
configure:13848: gcc -c -g -O2  conftest.c >&5
conftest.c:49:9: error: unknown type name 'not'
         not a universal capable compiler
         ^
conftest.c:49:15: error: expected '=', ',', ';', 'asm' or '__attribute__' before 'universal'
         not a universal capable compiler
               ^
conftest.c:49:15: error: unknown type name 'universal'
configure:13848: $? = 1
configure: failed program was:
| /* confdefs.h */
| #define PACKAGE_NAME "Gregorio (TeX Live)"
| #define PACKAGE_TARNAME "gregorio--tex-live-"
| #define PACKAGE_VERSION "4.1.4"
| #define PACKAGE_STRING "Gregorio (TeX Live) 4.1.4"
| #define PACKAGE_BUGREPORT "tex-k@tug.org"
| #define PACKAGE_URL "http://gregorio-project.github.io/"
| #define FILENAME_VERSION "4_1_4"
| #define STDC_HEADERS 1
| #define HAVE_SYS_TYPES_H 1
| #define HAVE_SYS_STAT_H 1
| #define HAVE_STDLIB_H 1
| #define HAVE_STRING_H 1
| #define HAVE_MEMORY_H 1
| #define HAVE_STRINGS_H 1
| #define HAVE_INTTYPES_H 1
| #define HAVE_STDINT_H 1
| #define HAVE_UNISTD_H 1
| #define HAVE_DLFCN_H 1
| #define PACKAGE "gregorio--tex-live-"
| #define VERSION "4.1.4"
| #define LT_OBJDIR ".libs/"
| #define HAVE_FSEEKO 1
| #define HAVE_DIRENT_H 1
| #define STDC_HEADERS 1
| #define HAVE_ASSERT_H 1
| #define HAVE_FLOAT_H 1
| #define HAVE_LIMITS_H 1
| #define HAVE_PWD_H 1
| #define HAVE_STDLIB_H 1
| #define HAVE_SYS_PARAM_H 1
| #define HAVE_PUTENV 1
| #define HAVE_GETCWD 1
| #define HAVE_GETWD 1
| #define HAVE_MEMCMP 1
| #define HAVE_MEMCPY 1
| #define HAVE_MKSTEMP 1
| #define HAVE_MKTEMP 1
| #define HAVE_STRCHR 1
| #define HAVE_STRRCHR 1
| #define HAVE_DECL_ISASCII 1
| #define HAVE_STRUCT_STAT_ST_MTIM 1
| #define HAVE_REALPATH 1
| #define HAVE_STDINT_H 1
| #define HAVE_STDALIGN_H 1
| #define ALIGNOF_UINT32_T 4
| /* end confdefs.h.  */
| #ifndef __APPLE_CC__
| 	       not a universal capable compiler
| 	     #endif
| 	     typedef int dummy;
| 
configure:13893: gcc -c -g -O2  conftest.c >&5
configure:13893: $? = 0
configure:13911: gcc -c -g -O2  conftest.c >&5
conftest.c: In function 'main':
conftest.c:55:4: error: unknown type name 'not'
    not big endian
    ^
conftest.c:55:12: error: expected '=', ',', ';', 'asm' or '__attribute__' before 'endian'
    not big endian
            ^
configure:13911: $? = 1
configure: failed program was:
| /* confdefs.h */
| #define PACKAGE_NAME "Gregorio (TeX Live)"
| #define PACKAGE_TARNAME "gregorio--tex-live-"
| #define PACKAGE_VERSION "4.1.4"
| #define PACKAGE_STRING "Gregorio (TeX Live) 4.1.4"
| #define PACKAGE_BUGREPORT "tex-k@tug.org"
| #define PACKAGE_URL "http://gregorio-project.github.io/"
| #define FILENAME_VERSION "4_1_4"
| #define STDC_HEADERS 1
| #define HAVE_SYS_TYPES_H 1
| #define HAVE_SYS_STAT_H 1
| #define HAVE_STDLIB_H 1
| #define HAVE_STRING_H 1
| #define HAVE_MEMORY_H 1
| #define HAVE_STRINGS_H 1
| #define HAVE_INTTYPES_H 1
| #define HAVE_STDINT_H 1
| #define HAVE_UNISTD_H 1
| #define HAVE_DLFCN_H 1
| #define PACKAGE "gregorio--tex-live-"
| #define VERSION "4.1.4"
| #define LT_OBJDIR ".libs/"
| #define HAVE_FSEEKO 1
| #define HAVE_DIRENT_H 1
| #define STDC_HEADERS 1
| #define HAVE_ASSERT_H 1
| #define HAVE_FLOAT_H 1
| #define HAVE_LIMITS_H 1
| #define HAVE_PWD_H 1
| #define HAVE_STDLIB_H 1
| #define HAVE_SYS_PARAM_H 1
| #define HAVE_PUTENV 1
| #define HAVE_GETCWD 1
| #define HAVE_GETWD 1
| #define HAVE_MEMCMP 1
| #define HAVE_MEMCPY 1
| #define HAVE_MKSTEMP 1
| #define HAVE_MKTEMP 1
| #define HAVE_STRCHR 1
| #define HAVE_STRRCHR 1
| #define HAVE_DECL_ISASCII 1
| #define HAVE_STRUCT_STAT_ST_MTIM 1
| #define HAVE_REALPATH 1
| #define HAVE_STDINT_H 1
| #define HAVE_STDALIGN_H 1
| #define ALIGNOF_UINT32_T 4
| /* end confdefs.h.  */
| #include <sys/types.h>
| 		#include <sys/param.h>
| 
| int
| main ()
| {
| #if BYTE_ORDER != BIG_ENDIAN
| 		 not big endian
| 		#endif
| 
|   ;
|   return 0;
| }
configure:14039: result: no
configure:14072: creating ./config.lt

## ------------------ ##
## Running config.lt. ##
## ------------------ ##
config.lt:628: creating libtool
configure:15413: checking for pkg-config
configure:15429: found /usr/bin/pkg-config
configure:15440: result: pkg-config
configure:15486: checking if libkpathsea supports debugging
configure:15505: ./libtool --mode=link --tag=CC gcc -o conftest -g -O2 -I/home/maqiyuan/Desktop/texlive-upstream/texk -I/home/maqiyuan/Desktop/texlive-upstream/texk   conftest.c /home/maqiyuan/Desktop/texlive-upstream/texk/kpathsea/libkpathsea.la  >&5
libtool: link: gcc -o conftest -g -O2 -I/home/maqiyuan/Desktop/texlive-upstream/texk -I/home/maqiyuan/Desktop/texlive-upstream/texk conftest.c  /home/maqiyuan/Desktop/texlive-upstream/texk/kpathsea/.libs/libkpathsea.a
configure:15505: $? = 0
configure:15516: result: yes
configure:15638: checking that generated files are newer than configure
configure:15644: result: done
configure:15672: creating ./config.status

## ---------------------- ##
## Running config.status. ##
## ---------------------- ##

This file was extended by Gregorio (TeX Live) config.status 4.1.4, which was
generated by GNU Autoconf 2.69.  Invocation command line was

  CONFIG_FILES    = 
  CONFIG_HEADERS  = 
  CONFIG_LINKS    = 
  CONFIG_COMMANDS = 
  $ ./config.status 

on maqiyuan-E430c

config.status:1128: creating Makefile
config.status:1128: creating config_.h
config.status:1357: executing depfiles commands
config.status:1357: executing libtool commands

## ---------------- ##
## Cache variables. ##
## ---------------- ##

ac_cv_alignof_uint32_t=4
ac_cv_build=x86_64-pc-linux-gnu
ac_cv_c_bigendian=no
ac_cv_c_compiler_gnu=yes
ac_cv_c_const=yes
ac_cv_c_inline=inline
ac_cv_c_int64_t=yes
ac_cv_c_uint64_t=yes
ac_cv_env_CC_set=
ac_cv_env_CC_value=
ac_cv_env_CFLAGS_set=
ac_cv_env_CFLAGS_value=
ac_cv_env_CPPFLAGS_set=
ac_cv_env_CPPFLAGS_value=
ac_cv_env_CPP_set=
ac_cv_env_CPP_value=
ac_cv_env_LDFLAGS_set=
ac_cv_env_LDFLAGS_value=
ac_cv_env_LIBS_set=
ac_cv_env_LIBS_value=
ac_cv_env_LT_SYS_LIBRARY_PATH_set=
ac_cv_env_LT_SYS_LIBRARY_PATH_value=
ac_cv_env_build_alias_set=
ac_cv_env_build_alias_value=
ac_cv_env_host_alias_set=
ac_cv_env_host_alias_value=
ac_cv_env_target_alias_set=
ac_cv_env_target_alias_value=
ac_cv_func_closedir_void=no
ac_cv_func_getcwd=yes
ac_cv_func_getwd=yes
ac_cv_func_memcmp=yes
ac_cv_func_memcpy=yes
ac_cv_func_mkstemp=yes
ac_cv_func_mktemp=yes
ac_cv_func_putenv=yes
ac_cv_func_realpath=yes
ac_cv_func_strchr=yes
ac_cv_func_strrchr=yes
ac_cv_have_decl_isascii=yes
ac_cv_header_assert_h=yes
ac_cv_header_dirent_dirent_h=yes
ac_cv_header_dlfcn_h=yes
ac_cv_header_float_h=yes
ac_cv_header_inttypes_h=yes
ac_cv_header_limits_h=yes
ac_cv_header_memory_h=yes
ac_cv_header_pwd_h=yes
ac_cv_header_stdalign_h=yes
ac_cv_header_stdc=yes
ac_cv_header_stdint_h=yes
ac_cv_header_stdlib_h=yes
ac_cv_header_string_h=yes
ac_cv_header_strings_h=yes
ac_cv_header_sys_param_h=yes
ac_cv_header_sys_stat_h=yes
ac_cv_header_sys_types_h=yes
ac_cv_header_unistd_h=yes
ac_cv_host=x86_64-pc-linux-gnu
ac_cv_member_struct_stat_st_mtim=yes
ac_cv_objext=o
ac_cv_path_EGREP='/bin/grep -E'
ac_cv_path_FGREP='/bin/grep -F'
ac_cv_path_GREP=/bin/grep
ac_cv_path_SED=/bin/sed
ac_cv_path_install='/usr/bin/install -c'
ac_cv_path_lt_DD=/bin/dd
ac_cv_path_mkdir=/bin/mkdir
ac_cv_prog_AWK=gawk
ac_cv_prog_CPP='gcc -E'
ac_cv_prog_ac_ct_AR=ar
ac_cv_prog_ac_ct_CC=gcc
ac_cv_prog_ac_ct_MANIFEST_TOOL=mt
ac_cv_prog_ac_ct_OBJDUMP=objdump
ac_cv_prog_ac_ct_PKG_CONFIG=pkg-config
ac_cv_prog_ac_ct_RANLIB=ranlib
ac_cv_prog_ac_ct_STRIP=strip
ac_cv_prog_cc_c89=
ac_cv_prog_cc_g=yes
ac_cv_prog_make_make_set=yes
ac_cv_search_opendir='none required'
ac_cv_sys_file_offset_bits=no
ac_cv_sys_largefile_CC=no
ac_cv_sys_largefile_source=no
ac_cv_type_size_t=yes
am_cv_CC_dependencies_compiler_type=gcc3
am_cv_make_support_nested_variables=yes
am_cv_prog_cc_c_o=yes
gl_cv_func_realpath_works=no
kb_cv_c_prototypes=yes
kpse_cv_kpse_debug=yes
kpse_cv_warning_cflags='-Wimplicit -Wreturn-type -Wdeclaration-after-statement -Wno-unknown-pragmas'
lt_cv_ar_at_file=@
lt_cv_deplibs_check_method=pass_all
lt_cv_file_magic_cmd='$MAGIC_CMD'
lt_cv_file_magic_test_file=
lt_cv_ld_reload_flag=-r
lt_cv_nm_interface='BSD nm'
lt_cv_objdir=.libs
lt_cv_path_LD=/usr/bin/ld
lt_cv_path_NM='/usr/bin/nm -B'
lt_cv_path_mainfest_tool=no
lt_cv_prog_compiler_c_o=yes
lt_cv_prog_compiler_pic='-fPIC -DPIC'
lt_cv_prog_compiler_pic_works=yes
lt_cv_prog_compiler_rtti_exceptions=no
lt_cv_prog_compiler_static_works=yes
lt_cv_prog_gnu_ld=yes
lt_cv_sharedlib_from_linklib_cmd='printf %s\n'
lt_cv_shlibpath_overrides_runpath=no
lt_cv_sys_global_symbol_pipe='sed -n -e '\''s/^.*[	 ]\([ABCDGIRSTW][ABCDGIRSTW]*\)[	 ][	 ]*\([_A-Za-z][_A-Za-z0-9]*\)$/\1 \2 \2/p'\'' | sed '\''/ __gnu_lto/d'\'''
lt_cv_sys_global_symbol_to_c_name_address='sed -n -e '\''s/^: \(.*\) .*$/  {"\1", (void *) 0},/p'\'' -e '\''s/^[ABCDGIRSTW][ABCDGIRSTW]* .* \(.*\)$/  {"\1", (void *) \&\1},/p'\'''
lt_cv_sys_global_symbol_to_c_name_address_lib_prefix='sed -n -e '\''s/^: \(.*\) .*$/  {"\1", (void *) 0},/p'\'' -e '\''s/^[ABCDGIRSTW][ABCDGIRSTW]* .* \(lib.*\)$/  {"\1", (void *) \&\1},/p'\'' -e '\''s/^[ABCDGIRSTW][ABCDGIRSTW]* .* \(.*\)$/  {"lib\1", (void *) \&\1},/p'\'''
lt_cv_sys_global_symbol_to_cdecl='sed -n -e '\''s/^T .* \(.*\)$/extern int \1();/p'\'' -e '\''s/^[ABCDGIRSTW][ABCDGIRSTW]* .* \(.*\)$/extern char \1;/p'\'''
lt_cv_sys_global_symbol_to_import=
lt_cv_sys_max_cmd_len=1572864
lt_cv_to_host_file_cmd=func_convert_file_noop
lt_cv_to_tool_file_cmd=func_convert_file_noop
lt_cv_truncate_bin='/bin/dd bs=4096 count=1'

## ----------------- ##
## Output variables. ##
## ----------------- ##

	cd ${top_builddir}/../kpathsea && $(MAKE) $(AM_MAKEFLAGS) rebuild
	cd ${top_builddir}/../kpathsea && $(MAKE) $(AM_MAKEFLAGS) rebuild'
$(KPATHSEA_DEPEND): ${top_srcdir}/../kpathsea/*.[ch] ${top_builddir}/../kpathsea/paths.h
${top_builddir}/../kpathsea/paths.h:
ACLOCAL='${SHELL} /home/maqiyuan/Desktop/texlive-upstream/build-aux/missing aclocal-1.15'
AMDEPBACKSLASH='\'
AMDEP_FALSE='#'
AMDEP_TRUE=''
AMTAR='$${TAR-tar}'
AM_BACKSLASH='\'
AM_DEFAULT_V='$(AM_DEFAULT_VERBOSITY)'
AM_DEFAULT_VERBOSITY='1'
AM_V='$(V)'
AR='ar'
AS='as'
AUTOCONF='${SHELL} /home/maqiyuan/Desktop/texlive-upstream/build-aux/missing autoconf'
AUTOHEADER='${SHELL} /home/maqiyuan/Desktop/texlive-upstream/build-aux/missing autoheader'
AUTOMAKE='${SHELL} /home/maqiyuan/Desktop/texlive-upstream/build-aux/missing automake-1.15'
AWK='gawk'
CC='gcc'
CCDEPMODE='depmode=gcc3'
CFLAGS='-g -O2'
CPP='gcc -E'
CPPFLAGS=''
CYGPATH_W='echo'
DEFS='-DHAVE_CONFIG_H'
DEPDIR='.deps'
DLLTOOL='false'
DSYMUTIL=''
DUMPBIN=''
ECHO_C=''
ECHO_N='-n'
ECHO_T=''
EGREP='/bin/grep -E'
EXEEXT=''
FGREP='/bin/grep -F'
FILENAME_VERSION='4_1_4'
GREGORIO_TREE='gregorio-src'
GREP='/bin/grep'
INSTALL_DATA='${INSTALL} -m 644'
INSTALL_PROGRAM='${INSTALL}'
INSTALL_SCRIPT='${INSTALL}'
INSTALL_STRIP_PROGRAM='$(install_sh) -c -s'
KPATHSEA_DEPEND='${top_builddir}/../kpathsea/libkpathsea.la'
KPATHSEA_INCLUDES='-I/home/maqiyuan/Desktop/texlive-upstream/texk -I/home/maqiyuan/Desktop/texlive-upstream/texk'
KPATHSEA_LIBS='/home/maqiyuan/Desktop/texlive-upstream/texk/kpathsea/libkpathsea.la'
KPATHSEA_RULE='# Rebuild libkpathsea
LD='/usr/bin/ld -m elf_x86_64'
LDFLAGS=''
LIBOBJS=''
LIBS=''
LIBTOOL='$(SHELL) $(top_builddir)/libtool'
LIPO=''
LN_S='ln -s'
LTLIBOBJS=''
LT_SYS_LIBRARY_PATH=''
MAINT='#'
MAINTAINER_MODE_FALSE=''
MAINTAINER_MODE_TRUE='#'
MAKEINFO='${SHELL} /home/maqiyuan/Desktop/texlive-upstream/build-aux/missing makeinfo'
MANIFEST_TOOL=':'
MKDIR_P='/bin/mkdir -p'
NM='/usr/bin/nm -B'
NMEDIT=''
OBJDUMP='objdump'
OBJEXT='o'
OTOOL64=''
OTOOL=''
PACKAGE='gregorio--tex-live-'
PACKAGE_BUGREPORT='tex-k@tug.org'
PACKAGE_NAME='Gregorio (TeX Live)'
PACKAGE_STRING='Gregorio (TeX Live) 4.1.4'
PACKAGE_TARNAME='gregorio--tex-live-'
PACKAGE_URL='http://gregorio-project.github.io/'
PACKAGE_VERSION='4.1.4'
PATH_SEPARATOR=':'
PERL5='/usr/bin/env perl'
PKG_CONFIG='pkg-config'
RANLIB='ranlib'
SED='/bin/sed'
SET_MAKE=''
SHELL='/bin/bash'
STRIP='strip'
VERSION='4.1.4'
WARNING_CFLAGS='-Wimplicit -Wreturn-type -Wdeclaration-after-statement -Wno-unknown-pragmas'
ac_ct_AR='ar'
ac_ct_CC='gcc'
ac_ct_DUMPBIN=''
am__EXEEXT_FALSE=''
am__EXEEXT_TRUE='#'
am__fastdepCC_FALSE='#'
am__fastdepCC_TRUE=''
am__include='include'
am__isrc=''
am__leading_dot='.'
am__nodep='_no'
am__quote=''
am__tar='$${TAR-tar} chof - "$$tardir"'
am__untar='$${TAR-tar} xf -'
bindir='${exec_prefix}/bin/x86_64-pc-linux-gnu'
build='x86_64-pc-linux-gnu'
build_alias=''
build_cpu='x86_64'
build_os='linux-gnu'
build_vendor='pc'
datadir='${datarootdir}'
datarootdir='${prefix}'
docdir='${datarootdir}/doc/${PACKAGE_TARNAME}'
dvidir='${docdir}'
exec_prefix='${prefix}'
host='x86_64-pc-linux-gnu'
host_alias=''
host_cpu='x86_64'
host_os='linux-gnu'
host_vendor='pc'
htmldir='${docdir}'
includedir='${prefix}/include'
infodir='${prefix}/texmf-dist/doc/info'
install_sh='${SHELL} /home/maqiyuan/Desktop/texlive-upstream/build-aux/install-sh'
libdir='${exec_prefix}/lib/x86_64-pc-linux-gnu'
libexecdir='${exec_prefix}/libexec'
localedir='${datarootdir}/locale'
localstatedir='${prefix}/var'
mandir='${prefix}/texmf-dist/doc/man'
mkdir_p='$(MKDIR_P)'
oldincludedir='/usr/include'
pdfdir='${docdir}'
prefix='/usr/local'
program_transform_name='s,x,x,'
psdir='${docdir}'
sbindir='${exec_prefix}/sbin'
sharedstatedir='${prefix}/com'
sysconfdir='${prefix}/etc'
target_alias=''

## ----------- ##
## confdefs.h. ##
## ----------- ##

/* confdefs.h */
#define PACKAGE_NAME "Gregorio (TeX Live)"
#define PACKAGE_TARNAME "gregorio--tex-live-"
#define PACKAGE_VERSION "4.1.4"
#define PACKAGE_STRING "Gregorio (TeX Live) 4.1.4"
#define PACKAGE_BUGREPORT "tex-k@tug.org"
#define PACKAGE_URL "http://gregorio-project.github.io/"
#define FILENAME_VERSION "4_1_4"
#define STDC_HEADERS 1
#define HAVE_SYS_TYPES_H 1
#define HAVE_SYS_STAT_H 1
#define HAVE_STDLIB_H 1
#define HAVE_STRING_H 1
#define HAVE_MEMORY_H 1
#define HAVE_STRINGS_H 1
#define HAVE_INTTYPES_H 1
#define HAVE_STDINT_H 1
#define HAVE_UNISTD_H 1
#define HAVE_DLFCN_H 1
#define PACKAGE "gregorio--tex-live-"
#define VERSION "4.1.4"
#define LT_OBJDIR ".libs/"
#define HAVE_FSEEKO 1
#define HAVE_DIRENT_H 1
#define STDC_HEADERS 1
#define HAVE_ASSERT_H 1
#define HAVE_FLOAT_H 1
#define HAVE_LIMITS_H 1
#define HAVE_PWD_H 1
#define HAVE_STDLIB_H 1
#define HAVE_SYS_PARAM_H 1
#define HAVE_PUTENV 1
#define HAVE_GETCWD 1
#define HAVE_GETWD 1
#define HAVE_MEMCMP 1
#define HAVE_MEMCPY 1
#define HAVE_MKSTEMP 1
#define HAVE_MKTEMP 1
#define HAVE_STRCHR 1
#define HAVE_STRRCHR 1
#define HAVE_DECL_ISASCII 1
#define HAVE_STRUCT_STAT_ST_MTIM 1
#define HAVE_REALPATH 1
#define HAVE_STDINT_H 1
#define HAVE_STDALIGN_H 1
#define ALIGNOF_UINT32_T 4

configure: exit 0
